2019-03-01 09:16:40,152 INFO PERFORMANCE:|1|0|-1|-1

2019-03-01 09:21:40,170 INFO PERFORMANCE:|1|0|-1|-1

2019-03-01 09:26:40,172 INFO PERFORMANCE:|1|1|-1|-1

2019-03-01 09:31:40,174 INFO PERFORMANCE:|1|1|-1|-1

2019-03-01 09:36:40,175 INFO PERFORMANCE:|1|1|-1|-1

2019-03-01 09:41:40,176 INFO PERFORMANCE:|1|1|-1|-1

2019-03-01 09:46:40,178 INFO PERFORMANCE:|1|1|-1|-1

2019-03-01 09:51:40,180 INFO PERFORMANCE:|1|1|-1|-1

2019-03-01 09:56:40,181 INFO PERFORMANCE:|1|1|-1|-1

2019-03-01 10:01:40,182 INFO PERFORMANCE:|1|1|-1|-1

2019-03-01 10:06:40,182 INFO PERFORMANCE:|1|1|-1|-1

2019-03-01 10:11:40,186 INFO PERFORMANCE:|1|1|-1|-1

2019-03-01 10:16:40,188 INFO PERFORMANCE:|1|1|-1|-1

2019-03-01 10:21:40,191 INFO PERFORMANCE:|1|1|-1|-1

2019-03-01 10:26:40,193 INFO PERFORMANCE:|1|1|-1|-1

2019-03-01 10:31:40,194 INFO PERFORMANCE:|1|1|-1|-1

2019-03-01 10:36:40,197 INFO PERFORMANCE:|1|1|-1|-1

2019-03-01 10:41:40,199 INFO PERFORMANCE:|1|1|-1|-1

2019-03-01 10:46:40,203 INFO PERFORMANCE:|1|1|-1|-1

2019-03-01 10:51:40,205 INFO PERFORMANCE:|1|1|-1|-1

2019-03-01 10:56:40,208 INFO PERFORMANCE:|1|1|-1|-1

2019-03-01 11:01:40,210 INFO PERFORMANCE:|1|1|-1|-1

2019-03-01 11:06:40,211 INFO PERFORMANCE:|1|1|-1|-1

2019-03-01 11:11:40,213 INFO PERFORMANCE:|1|1|-1|-1

2019-03-01 11:16:40,217 INFO PERFORMANCE:|1|1|-1|-1

2019-03-01 11:21:40,219 INFO PERFORMANCE:|1|1|-1|-1

2019-03-01 11:26:40,221 INFO PERFORMANCE:|1|1|-1|-1

2019-03-01 11:31:40,222 INFO PERFORMANCE:|1|1|-1|-1

2019-03-01 11:36:40,223 INFO PERFORMANCE:|1|1|-1|-1

2019-03-01 11:41:40,224 INFO PERFORMANCE:|1|1|-1|-1

2019-03-01 11:46:40,226 INFO PERFORMANCE:|1|1|-1|-1

2019-03-01 11:51:40,228 INFO PERFORMANCE:|1|1|-1|-1

2019-03-01 11:56:40,229 INFO PERFORMANCE:|1|1|-1|-1

2019-03-01 12:01:40,231 INFO PERFORMANCE:|1|1|-1|-1

2019-03-01 12:06:40,232 INFO PERFORMANCE:|1|1|-1|-1

2019-03-01 12:11:40,235 INFO PERFORMANCE:|1|1|-1|-1

2019-03-01 12:16:40,238 INFO PERFORMANCE:|1|1|-1|-1

2019-03-01 12:21:40,255 INFO PERFORMANCE:|1|1|-1|-1

2019-03-01 12:26:40,274 INFO PERFORMANCE:|1|1|-1|-1

2019-03-01 12:31:40,277 INFO PERFORMANCE:|1|1|-1|-1

2019-03-01 12:36:40,279 INFO PERFORMANCE:|1|1|-1|-1

2019-03-01 12:41:40,280 INFO PERFORMANCE:|1|1|-1|-1

2019-03-01 12:46:40,282 INFO PERFORMANCE:|1|1|-1|-1

2019-03-01 12:51:40,339 INFO PERFORMANCE:|1|1|-1|-1

2019-03-01 12:56:40,421 INFO PERFORMANCE:|1|1|-1|-1

2019-03-01 13:01:40,423 INFO PERFORMANCE:|1|1|-1|-1

2019-03-01 13:06:40,424 INFO PERFORMANCE:|1|1|-1|-1

2019-03-01 13:11:40,424 INFO PERFORMANCE:|1|1|-1|-1

2019-03-01 13:16:40,426 INFO PERFORMANCE:|1|1|-1|-1

2019-03-01 13:21:40,428 INFO PERFORMANCE:|1|1|-1|-1

2019-03-01 13:26:40,430 INFO PERFORMANCE:|1|1|-1|-1

2019-03-01 13:31:40,432 INFO PERFORMANCE:|1|1|-1|-1

2019-03-01 13:36:40,434 INFO PERFORMANCE:|1|1|-1|-1

2019-03-01 13:41:40,435 INFO PERFORMANCE:|1|1|-1|-1

2019-03-01 13:46:40,437 INFO PERFORMANCE:|1|1|-1|-1

2019-03-01 13:51:40,439 INFO PERFORMANCE:|1|1|-1|-1

2019-03-01 13:56:40,441 INFO PERFORMANCE:|1|1|-1|-1

2019-03-01 14:01:40,442 INFO PERFORMANCE:|1|1|-1|-1

2019-03-01 14:06:40,445 INFO PERFORMANCE:|1|1|-1|-1

2019-03-01 14:11:40,447 INFO PERFORMANCE:|1|0|-1|-1

2019-03-01 14:16:40,450 INFO PERFORMANCE:|1|1|-1|-1

2019-03-01 14:21:40,452 INFO PERFORMANCE:|1|1|-1|-1

2019-03-01 14:26:40,453 INFO PERFORMANCE:|1|1|-1|-1

2019-03-01 14:31:40,455 INFO PERFORMANCE:|1|1|-1|-1

2019-03-01 14:36:40,456 INFO PERFORMANCE:|1|1|-1|-1

2019-03-01 14:41:40,457 INFO PERFORMANCE:|1|1|-1|-1

2019-03-01 14:46:40,459 INFO PERFORMANCE:|1|1|-1|-1

2019-03-01 14:51:40,461 INFO PERFORMANCE:|1|1|-1|-1

2019-03-01 14:56:40,462 INFO PERFORMANCE:|1|1|-1|-1

2019-03-01 15:01:40,464 INFO PERFORMANCE:|1|1|-1|-1

2019-03-01 15:06:40,466 INFO PERFORMANCE:|1|1|-1|-1

2019-03-01 15:11:40,467 INFO PERFORMANCE:|1|1|-1|-1

2019-03-01 15:16:40,469 INFO PERFORMANCE:|1|1|-1|-1

2019-03-01 15:21:40,471 INFO PERFORMANCE:|1|1|-1|-1

2019-03-01 15:26:40,473 INFO PERFORMANCE:|1|1|-1|-1

2019-03-01 15:31:40,476 INFO PERFORMANCE:|1|1|-1|-1

2019-03-01 15:36:40,478 INFO PERFORMANCE:|1|1|-1|-1

2019-03-01 15:41:40,479 INFO PERFORMANCE:|1|1|-1|-1

2019-03-01 15:46:40,481 INFO PERFORMANCE:|1|1|-1|-1

2019-03-01 15:51:40,483 INFO PERFORMANCE:|1|1|-1|-1

2019-03-01 15:54:30,811 INFO PERFORMANCE:|1|1|-1|-1

2019-03-01 15:59:30,813 INFO PERFORMANCE:|1|1|-1|-1

2019-03-01 16:04:30,816 INFO PERFORMANCE:|1|1|-1|-1

2019-03-01 16:07:53,685 INFO PERFORMANCE:|1|1|-1|-1

2019-03-01 16:12:53,686 INFO PERFORMANCE:|1|1|-1|-1

2019-03-01 16:15:44,294 INFO PERFORMANCE:|1|1|-1|-1

2019-03-01 16:20:44,296 INFO PERFORMANCE:|1|1|-1|-1

2019-03-01 16:22:31,994 INFO PERFORMANCE:|1|1|-1|-1

2019-03-01 16:25:23,548 INFO PERFORMANCE:|1|1|-1|-1

2019-03-01 16:30:23,549 INFO PERFORMANCE:|1|1|-1|-1

2019-03-01 16:35:23,552 INFO PERFORMANCE:|1|1|-1|-1

2019-03-01 16:40:23,553 INFO PERFORMANCE:|1|1|-1|-1

2019-03-01 16:45:23,554 INFO PERFORMANCE:|1|0|-1|-1

2019-03-01 16:50:23,555 INFO PERFORMANCE:|1|0|-1|-1

2019-03-01 16:55:23,557 INFO PERFORMANCE:|1|1|-1|-1

2019-03-01 17:00:23,559 INFO PERFORMANCE:|1|0|-1|-1

2019-03-01 17:05:23,560 INFO PERFORMANCE:|1|0|-1|-1

2019-03-01 17:10:23,562 INFO PERFORMANCE:|1|0|-1|-1

2019-03-01 17:15:23,564 INFO PERFORMANCE:|1|0|-1|-1

2019-03-01 17:20:23,566 INFO PERFORMANCE:|1|0|-1|-1

2019-03-01 17:25:23,570 INFO PERFORMANCE:|1|0|-1|-1

2019-03-01 17:30:23,572 INFO PERFORMANCE:|1|0|-1|-1

2019-03-01 17:35:23,747 INFO PERFORMANCE:|1|0|-1|-1

2019-03-01 17:40:24,073 INFO PERFORMANCE:|2|2|-1|-1

2019-03-01 17:45:24,074 INFO PERFORMANCE:|2|2|-1|-1

2019-03-01 17:50:24,078 INFO PERFORMANCE:|2|1|-1|-1

2019-03-01 17:55:24,080 INFO PERFORMANCE:|2|1|-1|-1

2019-03-01 18:00:24,082 INFO PERFORMANCE:|2|0|-1|-1

